<?xml version="1.0" encoding="UTF-8"?>
<!-- Generated by org.testng.reporters.JUnitXMLReporter -->
<testsuite hostname="HIGURL66547" ignored="0" name="Default test" tests="12" failures="0" timestamp="11 Jan 2019 13:54:48 GMT" time="46.35" errors="0">
  <testcase name="@BeforeTest beforeTest" time="43.852" classname="Framework.StartTest">
    <failure type="org.junit.ComparisonFailure" message="expected:&amp;lt;[Production]&amp;gt; but was:&amp;lt;[Staging]&amp;gt;">
      <![CDATA[org.junit.ComparisonFailure: expected:<[Production]> but was:<[Staging]>
at org.junit.Assert.assertEquals(Assert.java:115)
at org.junit.Assert.assertEquals(Assert.java:144)
at Framework.SetAppEnvironment.chooseEnvironment(SetAppEnvironment.java:33)
at Framework.StartTest.beforeTest(StartTest.java:171)
at sun.reflect.NativeMethodAccessorImpl.invoke0(Native Method)
at sun.reflect.NativeMethodAccessorImpl.invoke(Unknown Source)
at sun.reflect.DelegatingMethodAccessorImpl.invoke(Unknown Source)
at java.lang.reflect.Method.invoke(Unknown Source)
at org.testng.internal.MethodInvocationHelper.invokeMethod(MethodInvocationHelper.java:124)
at org.testng.internal.MethodInvocationHelper.invokeMethodConsideringTimeout(MethodInvocationHelper.java:59)
at org.testng.internal.Invoker.invokeConfigurationMethod(Invoker.java:455)
at org.testng.internal.Invoker.invokeConfigurations(Invoker.java:222)
at org.testng.internal.Invoker.invokeConfigurations(Invoker.java:142)
at org.testng.TestRunner.beforeRun(TestRunner.java:529)
at org.testng.TestRunner.run(TestRunner.java:497)
at org.testng.SuiteRunner.runTest(SuiteRunner.java:455)
at org.testng.SuiteRunner.runSequentially(SuiteRunner.java:450)
at org.testng.SuiteRunner.privateRun(SuiteRunner.java:415)
at org.testng.SuiteRunner.run(SuiteRunner.java:364)
at org.testng.SuiteRunnerWorker.runSuite(SuiteRunnerWorker.java:52)
at org.testng.SuiteRunnerWorker.run(SuiteRunnerWorker.java:84)
at org.testng.TestNG.runSuitesSequentially(TestNG.java:1208)
at org.testng.TestNG.runSuitesLocally(TestNG.java:1137)
at org.testng.TestNG.runSuites(TestNG.java:1049)
at org.testng.TestNG.run(TestNG.java:1017)
at org.testng.remote.AbstractRemoteTestNG.run(AbstractRemoteTestNG.java:114)
at org.testng.remote.RemoteTestNG.initAndRun(RemoteTestNG.java:251)
at org.testng.remote.RemoteTestNG.main(RemoteTestNG.java:77)
]]>
    </failure>
  </testcase> <!-- @BeforeTest beforeTest -->
  <testcase name="@AfterTest afterTest" time="0.0" classname="Framework.StartTest">
    <skipped/>
  </testcase> <!-- @AfterTest afterTest -->
  <testcase name="loginPage" time="0.0" classname="Framework.StartTest">
    <skipped/>
  </testcase> <!-- loginPage -->
  <testcase name="watchItOperation" time="0.0" classname="Framework.StartTest">
    <skipped/>
  </testcase> <!-- watchItOperation -->
  <testcase name="WifiOperation" time="0.0" classname="Framework.StartTest">
    <skipped/>
  </testcase> <!-- WifiOperation -->
  <testcase name="VirtualMechanic" time="0.0" classname="Framework.StartTest">
    <skipped/>
  </testcase> <!-- VirtualMechanic -->
  <testcase name="clickBatteryStatus" time="0.0" classname="Framework.StartTest">
    <skipped/>
  </testcase> <!-- clickBatteryStatus -->
  <testcase name="clickChevron" time="0.0" classname="Framework.StartTest">
    <skipped/>
  </testcase> <!-- clickChevron -->
  <testcase name="clickDrivingScore" time="0.0" classname="Framework.StartTest">
    <skipped/>
  </testcase> <!-- clickDrivingScore -->
  <testcase name="viewLastTripDetail" time="0.0" classname="Framework.StartTest">
    <skipped/>
  </testcase> <!-- viewLastTripDetail -->
  <testcase name="showAllTrips" time="0.0" classname="Framework.StartTest">
    <skipped/>
  </testcase> <!-- showAllTrips -->
  <testcase name="clickGeofence" time="0.0" classname="Framework.StartTest">
    <skipped/>
  </testcase> <!-- clickGeofence -->
  <testcase name="clickFamilyShare" time="0.0" classname="Framework.StartTest">
    <skipped/>
  </testcase> <!-- clickFamilyShare -->
  <testcase name="clickVehiclePreferences" time="0.0" classname="Framework.StartTest">
    <skipped/>
  </testcase> <!-- clickVehiclePreferences -->
</testsuite> <!-- Default test -->
